       % Header, footer or other text fonts and sizes. 

\/Helvetica-BoldOblique findfont 20 scalefont setfont       
612          0 sub (Weekly Meat Supply Expenses)                                   0       710 PrtCenterText

\/Helvetica-BoldOblique findfont 12 scalefont setfont       
612          0 sub (Week of March 6, 1989)                                         0       690 PrtCenterText

\/Courier-BoldOblique findfont 14 scalefont setfont         
612          0 sub (In thousands of dollars)                                       0        50 PrtCenterText

       % Label font and size. 

\/Times-Italic findfont 10 scalefont setfont                

      % Line graph data. 

        90        95 moveto 0 10 rlineto stroke

        90       460 moveto DrawAnX 

        36 (    120)             72       467 PrtCenterText

        36 (Monday)           72        88 PrtCenterText

       162        95 moveto 0 10 rlineto stroke

        90       460 moveto
       162       370 lineto gsave DrawAnX grestore stroke 

        36 (     90)            144       377 PrtCenterText

        36 (Tuesday)         144        88 PrtCenterText

       234        95 moveto 0 10 rlineto stroke

       162       370 moveto
       234       640 lineto gsave DrawAnX grestore stroke 

        36 (    180)            216       647 PrtCenterText

        36 (Wednesday)       216        88 PrtCenterText

       306        95 moveto 0 10 rlineto stroke

       234       640 moveto
       306       430 lineto gsave DrawAnX grestore stroke 

        36 (    110)            288       437 PrtCenterText

        36 (Thursday)        288        88 PrtCenterText

       378        95 moveto 0 10 rlineto stroke

       306       430 moveto
       378       580 lineto gsave DrawAnX grestore stroke 

        36 (    160)            360       587 PrtCenterText

        36 (Friday)          360        88 PrtCenterText

       450        95 moveto 0 10 rlineto stroke

       378       580 moveto
       450       355 lineto gsave DrawAnX grestore stroke 

        36 (     85)            432       362 PrtCenterText

        36 (Saturday)        432        88 PrtCenterText

       522        95 moveto 0 10 rlineto stroke

       450       355 moveto
       522       550 lineto gsave DrawAnX grestore stroke 

        36 (    150)            504       557 PrtCenterText

        36 (Sunday)          504        88 PrtCenterText

       % Histogram labels.

 .8 setgray newpath 20        100 moveto        576       100 lineto stroke

 newpath      36.00    100.00 moveto      36.00    705.00 lineto stroke

.8 setgray newpath      31.00    100.00 moveto 10 0 rlineto stroke
.8 setgray newpath      31.00    400.00 moveto 10 0 rlineto stroke
0 setgray      41.00    405.00 moveto (    100) show             

.8 setgray newpath      31.00    700.00 moveto 10 0 rlineto stroke
0 setgray      41.00    705.00 moveto (    200) show             

