r-incl.p                                06/01/93 13:06:30   PROGRESS(R) Page 1   

{} Line Blk
-- ---- ---
      1     /* r-incl.p */
      2     
      3   1 FOR EACH customer:
      4   1   {r-fcust.i}
 1    1   1 /* r-fcust.i */
 1    2   1 
 1    3   1 FORM customer.cust-num customer.name LABEL "Customer Name"
 1    4   1      customer.phone FORMAT "999-999-9999".
      4   1  
      5   1   {r-dcust.i}
 1    1   1 /* r-dcust.i */
 1    2   1 
 1    3   1 DISPLAY customer.cust-num customer.name customer.phone.
      5   1  
      6     END.
r-incl.p                                06/01/93 13:06:30   PROGRESS(R) Page 2   

     File Name       Line Blk. Type Tran            Blk. Label            
-------------------- ---- --------- ---- --------------------------------
r-incl.p                0 Procedure No                                    
r-incl.p                3 For       No                                    
    Buffers: sports.Customer
    Frames:  Unnamed

